\BOOKMARK [-1][]{thuchapter.1.-1}{\376\377\145\160\143\156\232\161\122\250\166\204\133\207\133\231\133\146\137\353\220\037\152\041\142\337\145\271\154\325}{}% 1
\BOOKMARK [0][]{thuchapter.2.0}{\376\377\121\163\116\216\213\272\145\207\117\177\165\050\143\210\147\103\166\204\213\364\146\016}{thuchapter.1.-1}% 2
\BOOKMARK [0][]{thuchapter.3.0}{\376\377\144\130\211\201}{thuchapter.1.-1}% 3
\BOOKMARK [0][]{thuchapter.4.0}{\376\377\000A\000b\000s\000t\000r\000a\000c\000t}{thuchapter.1.-1}% 4
\BOOKMARK [0][]{thuchapter.5.0}{\376\377\166\356\137\125}{thuchapter.1.-1}% 5
\BOOKMARK [0][]{thuchapter.6.0}{\376\377\143\322\126\376\124\214\226\104\210\150\156\005\123\125}{thuchapter.1.-1}% 6
\BOOKMARK [0][]{thuchapter.7.0}{\376\377\173\046\123\367\124\214\177\051\165\145\213\355\213\364\146\016}{thuchapter.1.-1}% 7
\BOOKMARK [0][]{chapter.1}{\376\377\173\054\0001\172\340\000\040\137\025\212\000}{thuchapter.1.-1}% 8
\BOOKMARK [1][-]{section.1.1}{\376\377\0001\000.\0001\000\040\133\207\133\231\133\146\122\006\147\220\166\204\145\271\154\325\116\016\142\113\153\265}{chapter.1}% 9
\BOOKMARK [2][-]{subsection.1.1.1}{\376\377\0001\000.\0001\000.\0001\000\040\123\117\145\271\135\356\167\351\226\065\116\016\000\040\000N\000\040\117\123\152\041\142\337}{section.1.1}% 10
\BOOKMARK [1][-]{section.1.2}{\376\377\0001\000.\0002\000\040\133\207\133\231\133\146\137\353\220\037\152\041\142\337\145\271\154\325}{chapter.1}% 11
\BOOKMARK [2][-]{subsection.1.2.1}{\376\377\0001\000.\0002\000.\0001\000\040\133\207\133\231\133\146\137\353\220\037\152\041\142\337\145\271\154\325\166\204\227\000\154\102}{section.1.2}% 12
\BOOKMARK [2][-]{subsection.1.2.2}{\376\377\0001\000.\0002\000.\0002\000\040\133\207\133\231\133\146\137\353\220\037\152\041\142\337\145\271\154\325\166\204\170\024\172\166\163\260\162\266\116\016\116\015\215\263}{section.1.2}% 13
\BOOKMARK [2][-]{subsection.1.2.3}{\376\377\0001\000.\0002\000.\0003\000\040\147\054\145\207\170\024\172\166\121\205\133\271\116\016\215\041\163\056}{section.1.2}% 14
\BOOKMARK [1][-]{section.1.3}{\376\377\0001\000.\0003\000\040\145\207\172\340\176\323\147\204}{chapter.1}% 15
\BOOKMARK [0][]{chapter.2}{\376\377\173\054\0002\172\340\000\040\145\271\154\325}{thuchapter.1.-1}% 16
\BOOKMARK [1][-]{section.2.1}{\376\377\0002\000.\0001\000\040\135\345\117\134\155\101\140\073\217\360}{chapter.2}% 17
\BOOKMARK [1][-]{section.2.2}{\376\377\0002\000.\0002\000\040\152\041\142\337\123\302\200\003\150\067\147\054\151\202\217\360}{chapter.2}% 18
\BOOKMARK [1][-]{section.2.3}{\376\377\0002\000.\0003\000\040\131\047\134\072\136\246\176\323\147\204\165\037\142\020}{chapter.2}% 19
\BOOKMARK [1][-]{section.2.4}{\376\377\0002\000.\0004\000\040\134\017\134\072\136\246\176\323\147\204\176\240\120\117}{chapter.2}% 20
\BOOKMARK [2][-]{subsection.2.4.1}{\376\377\0002\000.\0004\000.\0001\000\040\177\121\176\334\147\266\147\204}{section.2.4}% 21
\BOOKMARK [3][-]{subsubsection.2.4.1.1}{\376\377\0002\000.\0004\000.\0001\000.\0001\000\040\117\115\171\373\127\072\153\213\135\356\177\121\176\334}{subsection.2.4.1}% 22
\BOOKMARK [3][-]{subsubsection.2.4.1.2}{\376\377\0002\000.\0004\000.\0001\000.\0002\000\040\220\037\136\246\127\072\153\213\135\356\177\121\176\334}{subsection.2.4.1}% 23
\BOOKMARK [2][-]{subsection.2.4.2}{\376\377\0002\000.\0004\000.\0002\000\040\143\137\131\061\121\375\145\160}{section.2.4}% 24
\BOOKMARK [3][-]{subsubsection.2.4.2.1}{\376\377\0002\000.\0004\000.\0002\000.\0001\000\040\117\115\171\373\127\072\143\137\131\061\121\375\145\160}{subsection.2.4.2}% 25
\BOOKMARK [3][-]{subsubsection.2.4.2.2}{\376\377\0002\000.\0004\000.\0002\000.\0002\000\040\220\037\136\246\127\072\143\137\131\061\121\375\145\160}{subsection.2.4.2}% 26
\BOOKMARK [2][-]{subsection.2.4.3}{\376\377\0002\000.\0004\000.\0003\000\040\152\041\127\213\213\255\176\303}{section.2.4}% 27
\BOOKMARK [2][-]{subsection.2.4.4}{\376\377\0002\000.\0004\000.\0004\000\040\152\041\127\213\143\250\164\006}{section.2.4}% 28
\BOOKMARK [0][]{chapter.3}{\376\377\173\054\0003\172\340\000\040\170\024\172\166\142\020\147\234}{thuchapter.1.-1}% 29
\BOOKMARK [1][-]{section.3.1}{\376\37